<?xml version="1.0" encoding="UTF-8" ?>
<testsuite tests="6" failures="0" name="com.teste.AssertTest" time="0.009" errors="0" skipped="0">
  <properties>
[...]
</properties>
  <testcase classname="com.teste.AssertTest" name="testAssertNotNull" time="0.003"/>
  <testcase classname="com.teste.AssertTest" name="testAssertFalse" time="0"/>
  <testcase classname="com.teste.AssertTest" name="testAssertEquals" time="0.001"/>
  <testcase classname="com.teste.AssertTest" name="testAssertArrayEquals" time="0.005"/>
  <testcase classname="com.teste.AssertTest" name="testAssertNull" time="0"/>
  <testcase classname="com.teste.AssertTest" name="testAssertSame" time="0"/>
</testsuite>